TN:
SF:src\app.ts
FN:28,createApp
FN:68,authRateLimit
FNF:2
FNH:2
FNDA:7,createApp
FNDA:21,authRateLimit
DA:1,1
DA:28,1
DA:29,7
DA:31,7
DA:33,7
DA:35,7
DA:36,7
DA:37,7
DA:38,7
DA:39,7
DA:40,7
DA:42,7
DA:44,7
DA:45,348
DA:46,348
DA:47,348
DA:48,348
DA:49,348
DA:50,348
DA:51,348
DA:52,348
DA:53,348
DA:54,348
DA:55,348
DA:56,348
DA:57,348
DA:58,348
DA:59,348
DA:60,348
DA:61,348
DA:62,348
DA:63,7
DA:65,7
DA:66,7
DA:68,7
DA:69,21
DA:70,21
DA:71,21
DA:72,21
DA:73,21
DA:74,21
DA:75,21
DA:77,7
DA:78,7
DA:79,7
DA:81,7
DA:83,7
DA:84,7
DA:85,7
DA:86,7
DA:87,7
DA:88,7
DA:90,7
DA:91,2
DA:92,7
DA:94,7
DA:95,1
DA:96,1
DA:97,1
DA:98,1
DA:99,0
DA:100,0
DA:101,7
DA:103,7
DA:104,1
DA:105,1
DA:106,7
DA:108,7
DA:109,215
DA:110,215
DA:111,215
DA:112,215
DA:113,215
DA:114,215
DA:115,215
DA:116,215
DA:118,0
DA:119,0
DA:120,0
DA:121,0
DA:123,215
DA:124,215
DA:125,7
DA:127,7
DA:128,7
LF:85
LH:79
BRDA:28,0,0,7
BRDA:37,1,0,0
BRDA:65,2,0,0
BRDA:66,3,0,0
BRDA:33,4,0,14
BRDA:44,5,0,348
BRDA:51,6,0,348
BRDA:68,7,0,21
BRDA:90,8,0,2
BRDA:94,9,0,1
BRDA:98,10,0,0
BRDA:103,11,0,1
BRDA:108,12,0,215
BRDA:116,13,0,0
BRF:14
BRH:9
end_of_record
TN:
SF:src\config\env.ts
FNF:0
FNH:0
DA:1,1
DA:4,1
DA:5,1
DA:6,1
DA:7,1
DA:8,1
DA:9,1
DA:10,1
DA:11,1
DA:12,1
DA:13,1
DA:14,1
DA:15,1
DA:16,1
DA:17,1
DA:18,1
DA:19,1
DA:20,1
DA:21,1
DA:22,1
DA:23,1
DA:24,1
DA:25,1
DA:27,1
DA:29,1
DA:30,0
DA:32,0
DA:33,0
DA:34,0
DA:36,1
LF:30
LH:26
BRDA:29,0,0,0
BRF:1
BRH:0
end_of_record
TN:
SF:src\lib\hash.ts
FN:13,hashPassword
FN:17,comparePassword
FNF:2
FNH:2
FNDA:56,hashPassword
FNDA:5,comparePassword
DA:1,1
DA:4,1
DA:5,1
DA:7,1
DA:8,0
DA:9,0
DA:11,1
DA:13,1
DA:14,56
DA:15,56
DA:17,1
DA:18,5
DA:19,5
LF:13
LH:11
BRDA:7,0,0,0
BRDA:13,1,0,56
BRDA:17,2,0,5
BRF:3
BRH:2
end_of_record
TN:
SF:src\lib\jwt.ts
FN:22,parseFallbackSecrets
FN:32,resolveSigningSecret
FN:55,signAccessToken
FN:69,signRefreshToken
FN:83,isAccessTokenPayload
FN:93,isRefreshTokenPayload
FN:97,verifyAccessToken
FN:120,verifyRefreshToken
FNF:8
FNH:8
FNDA:20,parseFallbackSecrets
FNDA:322,resolveSigningSecret
FNDA:107,signAccessToken
FNDA:5,signRefreshToken
FNDA:315,isAccessTokenPayload
FNDA:3,isRefreshTokenPayload
FNDA:318,verifyAccessToken
FNDA:4,verifyRefreshToken
DA:1,1
DA:16,1
DA:17,1
DA:18,1
DA:19,1
DA:20,1
DA:22,20
DA:23,20
DA:24,20
DA:25,20
DA:26,20
DA:27,20
DA:29,1
DA:30,1
DA:32,322
DA:33,322
DA:34,322
DA:35,322
DA:36,322
DA:37,322
DA:38,322
DA:40,322
DA:41,322
DA:42,322
DA:44,0
DA:45,322
DA:46,0
DA:47,0
DA:48,0
DA:49,0
DA:50,0
DA:52,0
DA:53,0
DA:55,1
DA:56,107
DA:57,107
DA:58,107
DA:59,107
DA:60,107
DA:61,107
DA:62,107
DA:63,107
DA:64,107
DA:65,107
DA:66,107
DA:67,107
DA:69,1
DA:70,5
DA:71,5
DA:72,5
DA:73,5
DA:74,5
DA:75,5
DA:76,5
DA:77,5
DA:78,5
DA:79,5
DA:80,5
DA:81,5
DA:83,315
DA:84,315
DA:85,315
DA:86,315
DA:87,315
DA:88,315
DA:89,315
DA:91,315
DA:93,3
DA:94,3
DA:95,3
DA:97,1
DA:98,318
DA:99,318
DA:100,318
DA:101,318
DA:102,318
DA:103,318
DA:104,318
DA:105,318
DA:106,318
DA:108,318
DA:109,0
DA:110,0
DA:112,315
DA:113,315
DA:114,315
DA:115,315
DA:116,315
DA:117,315
DA:118,315
DA:120,1
DA:121,4
DA:122,4
DA:123,4
DA:124,4
DA:125,4
DA:126,4
DA:127,4
DA:128,4
DA:129,4
DA:131,4
DA:132,0
DA:133,0
DA:135,3
DA:136,3
DA:137,3
DA:138,3
DA:139,3
LF:108
LH:96
BRDA:22,0,0,20
BRDA:25,1,0,20
BRDA:26,2,0,20
BRDA:32,3,0,322
BRDA:38,4,0,319
BRDA:38,5,0,3
BRDA:40,6,0,4
BRDA:42,7,0,0
BRDA:45,8,0,0
BRDA:45,9,0,0
BRDA:55,10,0,107
BRDA:69,11,0,5
BRDA:83,12,0,315
BRDA:93,13,0,3
BRDA:97,14,0,318
BRDA:108,15,0,0
BRDA:110,16,0,315
BRDA:120,17,0,4
BRDA:131,18,0,0
BRDA:133,19,0,3
BRF:20
BRH:15
end_of_record
TN:
SF:src\lib\logger.ts
FNF:0
FNH:0
DA:1,1
DA:4,1
DA:5,1
DA:6,1
DA:7,1
DA:8,1
DA:9,1
DA:10,1
DA:11,1
DA:12,1
DA:13,1
DA:14,1
DA:15,1
DA:16,1
DA:17,1
DA:18,1
DA:19,1
DA:20,1
DA:21,1
DA:22,1
DA:23,1
DA:24,1
DA:25,1
LF:23
LH:23
BRF:0
BRH:0
end_of_record
TN:
SF:src\lib\metrics.ts
FN:4,resetMetrics
FN:9,incrementCounter
FN:15,observeHistogram
FN:21,getMetricsSnapshot
FN:43,meterHoldOutcome
FN:47,meterBookingOutcome
FN:52,meterIdempotencyOutcome
FNF:7
FNH:7
FNDA:3,resetMetrics
FNDA:180,incrementCounter
FNDA:104,observeHistogram
FNDA:4,getMetricsSnapshot
FNDA:169,meterHoldOutcome
FNDA:4,meterBookingOutcome
FNDA:4,meterIdempotencyOutcome
DA:1,1
DA:2,1
DA:4,1
DA:5,3
DA:6,3
DA:7,3
DA:9,1
DA:10,180
DA:11,180
DA:12,180
DA:13,180
DA:15,1
DA:16,104
DA:17,104
DA:18,104
DA:19,104
DA:21,1
DA:22,4
DA:23,4
DA:24,2
DA:25,2
DA:26,2
DA:27,2
DA:28,4
DA:29,1
DA:30,1
DA:31,1
DA:32,1
DA:33,1
DA:34,1
DA:35,1
DA:36,4
DA:37,4
DA:43,1
DA:44,169
DA:45,169
DA:47,1
DA:48,4
DA:49,4
DA:50,4
DA:52,1
DA:53,4
DA:54,4
LF:43
LH:43
BRDA:4,0,0,3
BRDA:9,1,0,180
BRDA:12,2,0,10
BRDA:10,3,0,180
BRDA:15,4,0,104
BRDA:16,5,0,4
BRDA:21,6,0,4
BRDA:23,7,0,2
BRDA:28,8,0,1
BRDA:29,9,0,0
BRDA:31,10,0,0
BRDA:30,11,0,99
BRDA:43,12,0,169
BRDA:47,13,0,4
BRDA:52,14,0,4
BRF:15
BRH:13
end_of_record
TN:
SF:src\middleware\auth.ts
FN:21,extractBearerToken
FN:35,authenticate
FN:62,requireAdmin
FNF:3
FNH:3
FNDA:318,extractBearerToken
FNDA:318,authenticate
FNDA:32,requireAdmin
DA:1,1
DA:21,318
DA:22,318
DA:23,2
DA:24,2
DA:26,316
DA:28,318
DA:29,1
DA:30,1
DA:32,315
DA:33,315
DA:35,1
DA:36,318
DA:37,318
DA:38,318
DA:40,318
DA:41,318
DA:42,318
DA:43,318
DA:44,318
DA:46,318
DA:47,318
DA:48,5
DA:49,1
DA:50,1
DA:51,1
DA:53,5
DA:54,1
DA:55,1
DA:56,1
DA:58,3
DA:59,3
DA:60,318
DA:62,1
DA:63,32
DA:64,1
DA:65,1
DA:66,1
DA:68,32
DA:69,4
DA:70,4
DA:71,4
DA:73,27
DA:74,27
LF:44
LH:44
BRDA:21,0,0,318
BRDA:22,1,0,2
BRDA:24,2,0,317
BRDA:24,3,0,316
BRDA:28,4,0,315
BRDA:28,5,0,1
BRDA:30,6,0,315
BRDA:35,7,0,318
BRDA:47,8,0,5
BRDA:48,9,0,1
BRDA:51,10,0,4
BRDA:53,11,0,1
BRDA:56,12,0,3
BRDA:62,13,0,32
BRDA:63,14,0,1
BRDA:66,15,0,31
BRDA:68,16,0,30
BRDA:68,17,0,4
BRDA:71,18,0,27
BRF:19
BRH:19
end_of_record
TN:
SF:src\routes\admin.ts
FN:12,createAdminRouter
FNF:1
FNH:1
FNDA:7,createAdminRouter
DA:1,1
DA:8,1
DA:9,1
DA:10,1
DA:12,1
DA:13,7
DA:15,7
DA:16,1
DA:17,1
DA:18,1
DA:19,1
DA:20,1
DA:21,1
DA:22,1
DA:23,1
DA:24,1
DA:25,1
DA:26,1
DA:28,1
DA:29,7
DA:31,7
DA:32,1
DA:33,1
DA:34,1
DA:35,1
DA:36,1
DA:37,1
DA:38,1
DA:39,1
DA:40,1
DA:41,1
DA:42,1
DA:43,1
DA:45,1
DA:46,7
DA:48,7
DA:49,4
DA:50,4
DA:51,1
DA:52,1
DA:54,3
DA:55,4
DA:56,1
DA:57,1
DA:59,2
DA:60,4
DA:61,1
DA:62,1
DA:64,1
DA:65,1
DA:66,1
DA:67,1
DA:68,1
DA:69,1
DA:70,1
DA:71,1
DA:72,1
DA:73,1
DA:74,1
DA:75,1
DA:76,1
DA:78,1
DA:79,7
DA:81,7
DA:82,7
LF:65
LH:65
BRDA:12,0,0,7
BRDA:15,1,0,1
BRDA:31,2,0,1
BRDA:48,3,0,4
BRDA:50,4,0,1
BRDA:52,5,0,3
BRDA:55,6,0,1
BRDA:57,7,0,2
BRDA:60,8,0,1
BRDA:56,9,0,1
BRF:10
BRH:10
end_of_record
TN:
SF:src\routes\auth.ts
FN:28,createAuthRouter
FNF:1
FNH:1
FNDA:7,createAuthRouter
DA:1,1
DA:12,1
DA:13,1
DA:14,1
DA:15,1
DA:16,1
DA:17,1
DA:19,1
DA:20,1
DA:21,1
DA:22,1
DA:24,1
DA:25,1
DA:26,1
DA:28,1
DA:29,7
DA:31,7
DA:32,7
DA:33,7
DA:34,7
DA:35,7
DA:36,7
DA:37,7
DA:39,7
DA:40,6
DA:41,6
DA:42,0
DA:43,0
DA:45,6
DA:47,6
DA:48,6
DA:49,6
DA:51,6
DA:52,1
DA:53,1
DA:54,1
DA:55,0
DA:56,0
DA:58,5
DA:60,5
DA:61,5
DA:62,5
DA:63,5
DA:64,5
DA:65,5
DA:66,5
DA:67,5
DA:68,5
DA:69,5
DA:70,5
DA:71,5
DA:72,5
DA:73,5
DA:74,5
DA:75,5
DA:76,5
DA:78,5
DA:79,7
DA:81,7
DA:82,8
DA:83,8
DA:84,0
DA:85,0
DA:87,8
DA:89,8
DA:90,8
DA:91,8
DA:93,8
DA:94,5
DA:95,5
DA:97,3
DA:98,3
DA:99,0
DA:100,0
DA:102,3
DA:103,3
DA:104,3
DA:105,3
DA:106,3
DA:108,3
DA:110,3
DA:111,3
DA:112,3
DA:113,3
DA:114,3
DA:116,3
DA:117,3
DA:118,3
DA:119,3
DA:120,3
DA:121,3
DA:122,3
DA:123,3
DA:124,3
DA:125,3
DA:126,3
DA:127,3
DA:128,3
DA:129,7
DA:131,7
DA:132,2
DA:133,2
DA:134,0
DA:135,0
DA:137,2
DA:139,2
DA:140,2
DA:141,2
DA:142,2
DA:143,0
DA:144,0
DA:146,2
DA:147,2
DA:148,2
DA:150,2
DA:151,1
DA:152,1
DA:154,1
DA:155,2
DA:156,0
DA:157,0
DA:159,1
DA:160,1
DA:161,1
DA:162,1
DA:163,1
DA:165,1
DA:167,1
DA:168,1
DA:169,1
DA:170,1
DA:171,1
DA:173,1
DA:174,1
DA:175,1
DA:176,1
DA:177,7
DA:179,7
DA:180,1
DA:181,1
DA:182,0
DA:183,0
DA:185,1
DA:186,1
DA:188,1
DA:189,1
DA:190,1
DA:191,1
DA:192,0
DA:193,0
DA:195,1
DA:196,1
DA:197,1
DA:198,1
DA:200,1
DA:201,7
DA:203,7
DA:204,7
LF:158
LH:140
BRDA:28,0,0,7
BRDA:39,1,0,6
BRDA:41,2,0,0
BRDA:51,3,0,1
BRDA:54,4,0,0
BRDA:56,5,0,5
BRDA:81,6,0,8
BRDA:83,7,0,0
BRDA:93,8,0,5
BRDA:95,9,0,3
BRDA:98,10,0,0
BRDA:131,11,0,2
BRDA:133,12,0,0
BRDA:142,13,0,0
BRDA:150,14,0,1
BRDA:155,15,0,0
BRDA:157,16,0,1
BRDA:179,17,0,1
BRDA:181,18,0,0
BRDA:191,19,0,0
BRF:20
BRH:11
end_of_record
TN:
SF:src\routes\events.ts
FN:28,createEventsRouter
FNF:1
FNH:1
FNDA:8,createEventsRouter
DA:1,1
DA:14,1
DA:15,1
DA:16,1
DA:17,1
DA:18,1
DA:19,1
DA:21,1
DA:22,1
DA:23,1
DA:24,1
DA:25,1
DA:26,1
DA:28,1
DA:29,8
DA:31,8
DA:32,1
DA:33,1
DA:34,1
DA:35,1
DA:36,8
DA:38,8
DA:39,4
DA:40,4
DA:41,1
DA:42,1
DA:44,3
DA:45,4
DA:46,2
DA:47,2
DA:49,1
DA:50,8
DA:52,8
DA:53,2
DA:54,2
DA:55,1
DA:56,1
DA:58,1
DA:59,1
DA:60,1
DA:61,1
DA:62,1
DA:63,1
DA:64,1
DA:65,1
DA:67,1
DA:68,8
DA:70,8
DA:71,2
DA:72,2
DA:73,0
DA:74,0
DA:76,2
DA:77,2
DA:78,0
DA:79,0
DA:81,2
DA:82,2
DA:83,1
DA:84,1
DA:86,1
DA:87,1
DA:88,2
DA:89,2
DA:90,2
DA:92,1
DA:93,1
DA:94,8
DA:96,8
DA:97,1
DA:98,1
DA:99,0
DA:100,0
DA:102,1
DA:103,1
DA:104,0
DA:105,0
DA:107,1
DA:108,1
DA:109,0
DA:110,0
DA:112,1
DA:113,1
DA:114,1
DA:115,1
DA:116,1
DA:118,1
DA:119,1
DA:120,8
DA:122,8
DA:123,3
DA:124,3
DA:125,0
DA:126,0
DA:128,3
DA:129,3
DA:130,0
DA:131,0
DA:133,3
DA:134,3
DA:135,3
DA:136,3
DA:137,3
DA:138,3
DA:139,0
DA:140,0
DA:142,3
DA:143,3
DA:144,3
DA:145,3
DA:147,3
DA:149,3
DA:150,2
DA:151,2
DA:152,2
DA:153,2
DA:154,2
DA:155,2
DA:157,0
DA:158,0
DA:159,0
DA:160,0
DA:161,0
DA:162,0
DA:164,0
DA:165,0
DA:166,0
DA:167,0
DA:168,0
DA:169,0
DA:170,2
DA:172,1
DA:173,1
DA:174,1
DA:175,0
DA:176,0
DA:177,0
DA:178,0
DA:179,0
DA:180,3
DA:182,1
DA:183,8
DA:185,8
DA:186,105
DA:187,105
DA:188,0
DA:189,0
DA:191,105
DA:192,105
DA:193,0
DA:194,0
DA:196,105
DA:197,105
DA:198,105
DA:199,105
DA:200,105
DA:201,8
DA:203,8
DA:204,8
LF:159
LH:122
BRDA:28,0,0,8
BRDA:31,1,0,1
BRDA:38,2,0,4
BRDA:40,3,0,1
BRDA:42,4,0,3
BRDA:45,5,0,2
BRDA:47,6,0,1
BRDA:52,7,0,2
BRDA:54,8,0,1
BRDA:55,9,0,2
BRDA:70,10,0,2
BRDA:72,11,0,0
BRDA:77,12,0,0
BRDA:82,13,0,1
BRDA:88,14,0,0
BRDA:88,15,0,1
BRDA:89,16,0,0
BRDA:89,17,0,1
BRDA:90,18,0,0
BRDA:90,19,0,1
BRDA:96,20,0,1
BRDA:98,21,0,0
BRDA:103,22,0,0
BRDA:108,23,0,0
BRDA:113,24,0,0
BRDA:114,25,0,0
BRDA:116,26,0,0
BRDA:122,27,0,3
BRDA:124,28,0,0
BRDA:129,29,0,0
BRDA:180,30,0,1
BRDA:133,31,0,3
BRDA:138,32,0,0
BRDA:149,33,0,2
BRDA:155,34,0,0
BRDA:170,35,0,1
BRDA:174,36,0,0
BRDA:147,37,0,2
BRDA:185,38,0,105
BRDA:187,39,0,0
BRDA:192,40,0,0
BRF:41
BRH:23
end_of_record
TN:
SF:src\routes\holds.ts
FN:21,createHoldsRouter
FNF:1
FNH:1
FNDA:7,createHoldsRouter
DA:1,1
DA:12,1
DA:13,1
DA:14,1
DA:15,1
DA:17,1
DA:19,1
DA:21,1
DA:22,7
DA:24,7
DA:25,244
DA:26,244
DA:27,0
DA:28,0
DA:30,244
DA:31,244
DA:32,0
DA:33,0
DA:35,244
DA:37,244
DA:38,244
DA:39,244
DA:40,244
DA:41,244
DA:43,244
DA:44,0
DA:45,0
DA:47,244
DA:49,244
DA:50,169
DA:51,169
DA:52,169
DA:53,169
DA:54,169
DA:56,75
DA:58,75
DA:59,75
DA:60,75
DA:61,75
DA:62,75
DA:63,75
DA:64,75
DA:65,75
DA:66,75
DA:67,244
DA:69,75
DA:70,7
DA:72,7
DA:73,8
DA:74,8
DA:75,0
DA:76,0
DA:78,8
DA:79,8
DA:80,0
DA:81,0
DA:83,8
DA:84,8
DA:85,8
DA:86,8
DA:88,8
DA:89,0
DA:90,0
DA:92,8
DA:93,8
DA:94,8
DA:95,8
DA:97,8
DA:98,8
DA:99,8
DA:101,8
DA:102,0
DA:103,0
DA:105,8
DA:106,8
DA:107,8
DA:108,8
DA:110,8
DA:111,1
DA:112,1
DA:113,1
DA:114,1
DA:115,1
DA:116,1
DA:117,1
DA:118,1
DA:120,8
DA:121,0
DA:122,0
DA:124,7
DA:125,7
DA:126,7
DA:127,7
DA:128,8
DA:130,8
DA:131,1
DA:132,1
DA:134,7
DA:135,7
DA:137,7
DA:138,7
LF:101
LH:85
BRDA:21,0,0,7
BRDA:24,1,0,244
BRDA:26,2,0,0
BRDA:31,3,0,0
BRDA:67,4,0,75
BRDA:37,5,0,244
BRDA:43,6,0,0
BRDA:49,7,0,169
BRDA:54,8,0,75
BRDA:72,9,0,8
BRDA:74,10,0,0
BRDA:79,11,0,0
BRDA:130,12,0,1
BRDA:132,13,0,7
BRDA:83,14,0,8
BRDA:88,15,0,0
BRDA:101,16,0,0
BRDA:108,17,0,0
BRDA:110,18,0,1
BRDA:118,19,0,7
BRDA:120,20,0,0
BRDA:122,21,0,7
BRF:22
BRH:13
end_of_record
TN:
SF:src\routes\orders.ts
FN:20,__vite_ssr_import_2__.z.object.hold_ids.__vite_ssr_import_2__.z.array.min.max.refine.message
FN:28,hashPayload
FN:32,formatOrderResponse
FN:51,createOrdersRouter
FNF:4
FNH:4
FNDA:29,__vite_ssr_import_2__.z.object.hold_ids.__vite_ssr_import_2__.z.array.min.max.refine.message
FNDA:29,hashPayload
FNDA:12,formatOrderResponse
FNDA:7,createOrdersRouter
DA:1,1
DA:13,1
DA:15,1
DA:16,1
DA:17,1
DA:18,1
DA:19,1
DA:20,1
DA:21,1
DA:22,1
DA:23,1
DA:25,1
DA:26,1
DA:28,29
DA:29,29
DA:30,29
DA:32,12
DA:33,12
DA:34,12
DA:35,12
DA:36,12
DA:37,12
DA:38,12
DA:39,12
DA:40,12
DA:41,12
DA:42,12
DA:43,12
DA:44,12
DA:45,12
DA:46,12
DA:47,12
DA:48,12
DA:49,12
DA:51,1
DA:52,7
DA:54,7
DA:55,31
DA:56,31
DA:57,0
DA:58,0
DA:60,31
DA:61,31
DA:62,0
DA:63,0
DA:65,31
DA:66,2
DA:67,2
DA:69,29
DA:70,31
DA:71,0
DA:72,0
DA:74,29
DA:75,29
DA:76,29
DA:77,29
DA:79,29
DA:80,29
DA:81,29
DA:82,29
DA:83,29
DA:84,29
DA:85,29
DA:86,29
DA:87,29
DA:88,29
DA:89,29
DA:91,29
DA:92,29
DA:93,29
DA:94,29
DA:95,29
DA:96,29
DA:97,29
DA:99,29
DA:100,29
DA:101,29
DA:102,29
DA:103,29
DA:104,29
DA:105,29
DA:106,29
DA:107,29
DA:108,29
DA:110,23
DA:111,23
DA:112,23
DA:113,23
DA:115,29
DA:116,1
DA:117,1
DA:119,24
DA:120,23
DA:121,0
DA:122,0
DA:123,23
DA:125,22
DA:127,22
DA:128,22
DA:129,22
DA:130,22
DA:131,22
DA:132,22
DA:134,22
DA:135,22
DA:136,22
DA:137,22
DA:139,22
DA:140,22
DA:141,22
DA:142,22
DA:143,22
DA:145,29
DA:146,0
DA:147,0
DA:149,24
DA:150,23
DA:151,0
DA:152,0
DA:153,23
DA:155,22
DA:156,22
DA:157,22
DA:159,29
DA:160,4
DA:161,4
DA:162,4
DA:164,4
DA:165,4
DA:166,4
DA:167,4
DA:168,4
DA:169,4
DA:171,4
DA:172,4
DA:173,4
DA:174,4
DA:175,4
DA:176,4
DA:177,4
DA:178,4
DA:179,4
DA:180,4
DA:181,4
DA:182,4
DA:183,4
DA:184,4
DA:185,4
DA:187,4
DA:188,4
DA:189,4
DA:190,4
DA:192,20
DA:193,19
DA:194,6
DA:195,6
DA:196,19
DA:198,12
DA:199,14
DA:200,13
DA:201,13
DA:202,1
DA:203,13
DA:204,12
DA:205,12
DA:206,13
DA:208,12
DA:209,12
DA:210,12
DA:211,12
DA:212,12
DA:213,12
DA:214,12
DA:215,12
DA:216,12
DA:217,12
DA:218,12
DA:220,12
DA:221,12
DA:222,12
DA:223,12
DA:224,12
DA:225,12
DA:226,12
DA:227,12
DA:228,12
DA:229,12
DA:230,12
DA:231,12
DA:232,12
DA:233,12
DA:234,12
DA:235,12
DA:236,12
DA:237,12
DA:238,12
DA:239,12
DA:240,12
DA:242,12
DA:243,12
DA:244,12
DA:245,12
DA:246,12
DA:247,12
DA:248,12
DA:249,12
DA:250,12
DA:252,21
DA:253,0
DA:254,0
DA:256,12
DA:257,12
DA:259,12
DA:260,12
DA:261,12
DA:262,12
DA:263,12
DA:264,12
DA:265,12
DA:266,12
DA:267,12
DA:268,12
DA:269,12
DA:270,12
DA:271,12
DA:272,12
DA:274,12
DA:275,29
DA:277,23
DA:278,4
DA:279,4
DA:281,12
DA:282,12
DA:283,29
DA:284,17
DA:285,17
DA:286,17
DA:287,17
DA:289,17
DA:290,0
DA:291,0
DA:292,0
DA:294,17
DA:295,17
DA:296,11
DA:297,11
DA:299,17
DA:300,6
DA:301,6
DA:302,6
DA:303,6
DA:305,6
DA:306,6
DA:307,6
DA:308,6
DA:309,6
DA:310,6
DA:311,6
DA:312,6
DA:314,6
DA:315,0
DA:316,0
DA:317,0
DA:319,6
DA:320,0
DA:321,0
DA:322,0
DA:323,0
DA:324,0
DA:325,0
DA:326,0
DA:327,0
DA:328,0
DA:329,0
DA:331,6
DA:332,0
DA:333,0
DA:335,6
DA:336,2
DA:337,2
DA:339,6
DA:340,0
DA:341,0
DA:342,0
DA:344,4
DA:345,4
DA:346,0
DA:347,0
DA:348,4
DA:349,4
DA:350,4
DA:351,4
DA:352,1
DA:353,1
DA:355,4
DA:356,4
DA:357,1
DA:358,1
DA:359,1
DA:360,0
DA:361,1
DA:362,1
DA:364,2
DA:365,2
DA:366,2
DA:367,6
DA:369,11
DA:370,11
DA:371,29
DA:372,7
DA:374,7
DA:375,0
DA:376,0
DA:377,0
DA:378,0
DA:380,0
DA:381,0
DA:382,0
DA:383,0
DA:384,0
DA:385,0
DA:386,0
DA:387,0
DA:388,0
DA:389,0
DA:390,0
DA:392,0
DA:393,7
DA:395,7
DA:396,7
LF:330
LH:276
BRDA:20,0,0,29
BRDA:28,1,0,29
BRDA:32,2,0,12
BRDA:38,3,0,0
BRDA:39,4,0,0
BRDA:40,5,0,0
BRDA:40,6,0,12
BRDA:51,7,0,7
BRDA:54,8,0,31
BRDA:56,9,0,0
BRDA:61,10,0,0
BRDA:65,11,0,2
BRDA:67,12,0,29
BRDA:70,13,0,0
BRDA:72,14,0,29
BRDA:275,15,0,23
BRDA:275,16,0,16
BRDA:277,17,0,4
BRDA:279,18,0,12
BRDA:283,19,0,17
BRDA:287,20,0,6
BRDA:289,21,0,0
BRDA:295,22,0,11
BRDA:296,23,0,11
BRDA:299,24,0,6
BRDA:303,25,0,0
BRDA:314,26,0,0
BRDA:319,27,0,0
BRDA:331,28,0,0
BRDA:335,29,0,5
BRDA:335,30,0,2
BRDA:337,31,0,4
BRDA:339,32,0,0
BRDA:342,33,0,4
BRDA:345,34,0,0
BRDA:351,35,0,1
BRDA:353,36,0,3
BRDA:355,37,0,0
BRDA:356,38,0,2
BRDA:356,39,0,1
BRDA:359,40,0,0
BRDA:367,41,0,11
BRDA:75,42,0,1
BRDA:83,43,0,29
BRDA:87,44,0,0
BRDA:108,45,0,23
BRDA:115,46,0,1
BRDA:117,47,0,24
BRDA:117,48,0,22
BRDA:119,49,0,23
BRDA:120,50,0,0
BRDA:123,51,0,22
BRDA:145,52,0,0
BRDA:147,53,0,24
BRDA:147,54,0,22
BRDA:149,55,0,23
BRDA:150,56,0,0
BRDA:153,57,0,22
BRDA:159,58,0,4
BRDA:190,59,0,21
BRDA:190,60,0,20
BRDA:190,61,0,18
BRDA:192,62,0,19
BRDA:193,63,0,6
BRDA:196,64,0,14
BRDA:196,65,0,12
BRDA:199,66,0,13
BRDA:201,67,0,1
BRDA:203,68,0,12
BRDA:206,69,0,12
BRDA:252,70,0,0
BRDA:254,71,0,12
BRDA:125,72,0,23
BRDA:156,73,0,23
BRDA:161,74,0,4
BRDA:162,75,0,4
BRDA:209,76,0,12
BRDA:229,77,0,13
BRF:78
BRH:58
end_of_record
TN:
SF:src\routes\tickets.ts
FN:27,checkTicketHistory
FN:46,buildTicketUpdate
FN:56,createTicketsRouter
FNF:3
FNH:3
FNDA:3,checkTicketHistory
FNDA:3,buildTicketUpdate
FNDA:7,createTicketsRouter
DA:1,1
DA:15,1
DA:16,1
DA:17,1
DA:18,1
DA:19,1
DA:21,1
DA:22,1
DA:23,1
DA:24,1
DA:25,1
DA:27,3
DA:28,3
DA:29,3
DA:30,2
DA:31,2
DA:33,1
DA:34,1
DA:35,0
DA:36,0
DA:38,1
DA:39,1
DA:40,1
DA:41,1
DA:42,0
DA:43,0
DA:44,3
DA:46,3
DA:47,3
DA:48,3
DA:49,3
DA:50,3
DA:51,3
DA:52,3
DA:53,3
DA:54,3
DA:56,1
DA:57,7
DA:59,7
DA:60,2
DA:61,2
DA:62,0
DA:63,0
DA:65,2
DA:66,2
DA:67,0
DA:68,0
DA:70,2
DA:71,2
DA:72,2
DA:73,2
DA:74,2
DA:76,2
DA:77,2
DA:78,2
DA:79,2
DA:80,2
DA:81,2
DA:82,2
DA:83,2
DA:84,2
DA:85,2
DA:86,2
DA:87,2
DA:88,2
DA:89,2
DA:90,2
DA:92,2
DA:93,7
DA:95,7
DA:96,2
DA:97,2
DA:98,0
DA:99,0
DA:101,2
DA:102,2
DA:103,0
DA:104,0
DA:106,2
DA:107,2
DA:108,1
DA:109,1
DA:111,1
DA:112,1
DA:113,1
DA:114,1
DA:115,1
DA:116,1
DA:117,1
DA:118,1
DA:120,1
DA:121,7
DA:123,7
DA:124,6
DA:125,6
DA:126,6
DA:127,1
DA:128,1
DA:130,5
DA:131,5
DA:132,5
DA:133,6
DA:134,1
DA:135,1
DA:137,4
DA:138,6
DA:139,0
DA:140,0
DA:142,4
DA:143,4
DA:144,4
DA:145,4
DA:146,4
DA:148,4
DA:149,0
DA:150,0
DA:152,4
DA:153,3
DA:156,3
DA:171,3
DA:172,3
DA:173,3
DA:175,3
DA:176,2
DA:177,2
DA:178,2
DA:179,2
DA:180,3
DA:182,2
DA:183,2
DA:184,2
DA:185,2
DA:186,4
DA:188,2
DA:189,7
DA:191,7
DA:192,1
DA:193,1
DA:194,1
DA:195,0
DA:196,0
DA:198,1
DA:199,1
DA:200,1
DA:201,1
DA:202,0
DA:203,0
DA:205,1
DA:206,1
DA:207,0
DA:208,0
DA:210,1
DA:211,1
DA:212,1
DA:213,1
DA:214,1
DA:216,1
DA:217,0
DA:218,0
DA:220,1
DA:221,1
DA:224,1
DA:239,1
DA:240,1
DA:241,1
DA:243,1
DA:244,0
DA:245,0
DA:246,0
DA:247,0
DA:248,1
DA:250,1
DA:251,1
DA:252,1
DA:253,1
DA:254,1
DA:256,1
DA:257,7
DA:259,7
DA:260,3
DA:261,3
DA:262,3
DA:263,0
DA:264,0
DA:266,3
DA:267,3
DA:268,3
DA:269,3
DA:270,0
DA:271,0
DA:273,3
DA:274,3
DA:275,3
DA:276,3
DA:277,3
DA:279,3
DA:280,0
DA:281,0
DA:283,3
DA:285,1
DA:286,1
DA:287,1
DA:288,0
DA:289,0
DA:290,0
DA:291,0
DA:292,0
DA:293,3
DA:295,1
DA:296,7
DA:298,7
DA:299,7
LF:212
LH:173
BRDA:27,0,0,3
BRDA:29,1,0,2
BRDA:31,2,0,1
BRDA:34,3,0,0
BRDA:41,4,0,0
BRDA:46,5,0,3
BRDA:50,6,0,0
BRDA:51,7,0,2
BRDA:52,8,0,1
BRDA:56,9,0,7
BRDA:59,10,0,2
BRDA:61,11,0,0
BRDA:66,12,0,0
BRDA:76,13,0,2
BRDA:77,14,0,2
BRDA:84,15,0,0
BRDA:86,16,0,0
BRDA:95,17,0,2
BRDA:97,18,0,0
BRDA:102,19,0,0
BRDA:107,20,0,1
BRDA:108,21,0,2
BRDA:123,22,0,6
BRDA:126,23,0,5
BRDA:126,24,0,1
BRDA:128,25,0,5
BRDA:133,26,0,4
BRDA:133,27,0,1
BRDA:138,28,0,0
BRDA:140,29,0,4
BRDA:186,30,0,2
BRDA:142,31,0,4
BRDA:148,32,0,0
BRDA:152,33,0,3
BRDA:173,34,0,0
BRDA:175,35,0,2
BRDA:180,36,0,2
BRDA:191,37,0,1
BRDA:194,38,0,0
BRDA:201,39,0,0
BRDA:206,40,0,0
BRDA:210,41,0,1
BRDA:216,42,0,0
BRDA:241,43,0,0
BRDA:243,44,0,0
BRDA:259,45,0,3
BRDA:262,46,0,0
BRDA:269,47,0,0
BRDA:293,48,0,1
BRDA:273,49,0,3
BRDA:279,50,0,0
BRDA:283,51,0,1
BRDA:287,52,0,0
BRF:53
BRH:31
end_of_record
TN:
SF:src\services\availability.ts
FN:43,rowToAvailability
FN:64,getTicketAvailability
FN:78,getSingleTicketAvailability
FN:97,getEventAvailability
FNF:4
FNH:4
FNDA:253,rowToAvailability
FNDA:9,getTicketAvailability
FNDA:244,getSingleTicketAvailability
FNDA:6,getEventAvailability
DA:1,1
DA:15,1
DA:43,253
DA:44,253
DA:46,253
DA:48,1
DA:49,1
DA:50,1
DA:51,1
DA:52,1
DA:54,252
DA:55,252
DA:56,252
DA:57,252
DA:58,252
DA:59,252
DA:60,252
DA:61,252
DA:62,252
DA:64,9
DA:65,9
DA:66,9
DA:67,9
DA:68,9
DA:69,9
DA:72,9
DA:73,9
DA:75,9
DA:76,9
DA:78,244
DA:79,244
DA:80,244
DA:81,244
DA:82,244
DA:83,244
DA:86,244
DA:87,244
DA:89,244
DA:90,244
DA:91,0
DA:92,0
DA:94,244
DA:95,244
DA:97,6
DA:98,6
DA:99,6
DA:100,6
DA:101,6
DA:102,6
LF:49
LH:47
BRDA:43,0,0,253
BRDA:46,1,0,252
BRDA:46,2,0,1
BRDA:64,3,0,9
BRDA:78,4,0,244
BRDA:90,5,0,0
BRDA:97,6,0,6
BRF:7
BRH:6
end_of_record
TN:
SF:src\services\holdExpiry.ts
FN:3,dbNow
FN:8,releaseExpiredHolds
FN:26,cleanupExpiredIdempotencyRecords
FNF:3
FNH:3
FNDA:2,dbNow
FNDA:1,releaseExpiredHolds
FNDA:1,cleanupExpiredIdempotencyRecords
DA:3,2
DA:4,2
DA:5,2
DA:6,2
DA:8,1
DA:9,1
DA:11,1
DA:12,1
DA:13,1
DA:14,1
DA:15,1
DA:16,1
DA:17,1
DA:18,1
DA:19,1
DA:20,1
DA:21,1
DA:23,1
DA:24,1
DA:26,1
DA:27,1
DA:29,1
DA:30,1
DA:31,1
DA:32,1
DA:33,1
DA:34,1
DA:35,1
DA:37,1
DA:38,1
LF:30
LH:30
BRDA:3,0,0,2
BRDA:5,1,0,0
BRDA:8,2,0,1
BRDA:26,3,0,1
BRF:4
BRH:3
end_of_record
TN:
SF:src\services\userAnonymization.ts
FN:4,anonymizeUser
FNF:1
FNH:1
FNDA:1,anonymizeUser
DA:1,1
DA:4,1
DA:5,1
DA:7,1
DA:8,1
DA:9,1
DA:10,1
DA:11,1
DA:12,1
DA:13,1
DA:14,1
DA:15,1
DA:16,1
DA:17,1
LF:14
LH:14
BRDA:4,0,0,1
BRF:1
BRH:1
end_of_record
TN:
SF:src\utils\errors.ts
FN:1,<instance_members_initializer>
FN:6,AppError
FN:21,ValidationError
FN:27,AuthenticationError
FN:33,AuthorizationError
FN:39,NotFoundError
FN:45,ConflictError
FN:51,HistoryRetainedError
FN:57,GoneError
FN:63,TransactionRetryExhaustedError
FNF:10
FNH:10
FNDA:228,<instance_members_initializer>
FNDA:228,AppError
FNDA:9,ValidationError
FNDA:13,AuthenticationError
FNDA:5,AuthorizationError
FNDA:7,NotFoundError
FNDA:181,ConflictError
FNDA:4,HistoryRetainedError
FNDA:6,GoneError
FNDA:1,TransactionRetryExhaustedError
DA:1,1
DA:2,228
DA:3,228
DA:4,228
DA:6,228
DA:7,228
DA:8,228
DA:9,228
DA:10,228
DA:11,228
DA:12,228
DA:13,228
DA:14,228
DA:15,228
DA:16,228
DA:17,228
DA:18,228
DA:20,1
DA:21,1
DA:22,9
DA:23,9
DA:24,1
DA:26,1
DA:27,1
DA:28,13
DA:29,13
DA:30,1
DA:32,1
DA:33,1
DA:34,5
DA:35,5
DA:36,1
DA:38,1
DA:39,1
DA:40,7
DA:41,7
DA:42,1
DA:44,1
DA:45,1
DA:46,181
DA:47,181
DA:48,1
DA:50,1
DA:51,1
DA:52,4
DA:53,4
DA:54,1
DA:56,1
DA:57,1
DA:58,6
DA:59,6
DA:60,1
DA:62,1
DA:63,1
DA:64,1
DA:65,1
DA:66,1
LF:57
LH:57
BRDA:1,0,0,228
BRDA:6,1,0,228
BRDA:21,2,0,9
BRDA:27,3,0,13
BRDA:33,4,0,5
BRDA:39,5,0,7
BRDA:45,6,0,181
BRDA:51,7,0,4
BRDA:57,8,0,6
BRDA:63,9,0,1
BRF:10
BRH:10
end_of_record
TN:
SF:src\utils\migrationCheck.ts
FN:26,verifyMigrationState
FNF:1
FNH:1
FNDA:1,verifyMigrationState
DA:15,1
DA:16,1
DA:17,1
DA:18,1
DA:19,1
DA:20,1
DA:21,1
DA:22,1
DA:23,1
DA:24,1
DA:26,1
DA:27,1
DA:32,1
DA:36,1
DA:41,1
DA:46,1
DA:48,1
DA:51,1
DA:55,1
DA:60,1
DA:65,1
DA:70,1
DA:71,1
DA:72,1
DA:73,1
DA:74,1
DA:75,1
DA:76,1
DA:77,1
DA:78,1
DA:79,1
DA:80,1
DA:81,1
LF:33
LH:33
BRDA:26,0,0,1
BRF:1
BRH:1
end_of_record
TN:
SF:src\utils\transaction.ts
FN:9,withTransactionRetry
FN:20,prisma.$transaction.timeout
FNF:2
FNH:2
FNDA:293,withTransactionRetry
FNDA:295,prisma.$transaction.timeout
DA:1,1
DA:9,293
DA:10,293
DA:11,293
DA:12,293
DA:13,293
DA:14,293
DA:16,293
DA:17,295
DA:18,295
DA:19,295
DA:20,295
DA:21,295
DA:22,295
DA:23,295
DA:24,295
DA:25,295
DA:26,295
DA:27,295
DA:28,295
DA:29,295
DA:30,191
DA:31,191
DA:32,191
DA:33,188
DA:34,188
DA:35,188
DA:36,188
DA:37,188
DA:38,188
DA:40,191
DA:41,2
DA:42,2
DA:43,2
DA:44,2
DA:46,191
DA:47,1
DA:48,1
DA:50,191
DA:51,0
DA:52,0
DA:54,188
DA:55,188
DA:56,295
DA:58,0
DA:59,0
LF:46
LH:42
BRDA:9,0,0,293
BRDA:16,1,0,295
BRDA:29,2,0,191
BRDA:32,3,0,188
BRDA:33,4,0,188
BRDA:40,5,0,3
BRDA:40,6,0,2
BRDA:44,7,0,189
BRDA:46,8,0,1
BRDA:46,9,0,1
BRDA:48,10,0,188
BRDA:50,11,0,0
BRDA:52,12,0,188
BRDA:56,13,0,0
BRDA:20,14,0,295
BRDA:42,15,0,2
BRF:16
BRH:14
end_of_record
